<?xml version="1.0" encoding="UTF-8"?>
<!-- Generated by org.testng.reporters.JUnitReportReporter -->
<testsuite hostname="ES-PUN-LT-222" failures="0" tests="3" name="com.web.es.runnerfiles.EsWebTestRunner" time="18.900" errors="0" timestamp="2022-07-19T15:22:49 IST" skipped="0">
  <testcase classname="com.web.es.runnerfiles.EsWebTestRunner" name="runScenario" time="0.339"/>
  <system-out/>
  <testcase classname="com.web.es.runnerfiles.EsWebTestRunner" name="runScenario" time="17.838"/>
  <system-out/>
  <testcase classname="com.web.es.runnerfiles.EsWebTestRunner" name="runScenario" time="0.723"/>
  <system-out/>
</testsuite> <!-- com.web.es.runnerfiles.EsWebTestRunner -->
