<?xml version="1.0" encoding="UTF-8"?>
<!-- Generated by org.testng.reporters.JUnitReportReporter -->
<testsuite hostname="ES-PUN-LT-222" failures="0" tests="1" name="com.web.es.pages.Testlogger" time="0.012" errors="0" timestamp="2022-05-23T16:13:15 IST" skipped="0">
  <testcase classname="com.web.es.pages.Testlogger" name="Input" time="0.012"/>
  <system-out/>
</testsuite> <!-- com.web.es.pages.Testlogger -->
